Analysis & Synthesis report for handshake_synchronizer
Wed Nov 20 15:02:34 2024
Quartus Prime Version 23.1std.1 Build 993 05/14/2024 SC Lite Edition


---------------------
; Table of Contents ;
---------------------
  1. Legal Notice
  2. Analysis & Synthesis Summary
  3. Analysis & Synthesis Settings
  4. Parallel Compilation
  5. Analysis & Synthesis Source Files Read
  6. Analysis & Synthesis Resource Usage Summary
  7. Analysis & Synthesis Resource Utilization by Entity
  8. State Machine - |handshake_synchronizer|sender_fsm:sender_fsm_inst|state
  9. User-Specified and Inferred Latches
 10. Registers Removed During Synthesis
 11. General Register Statistics
 12. Parameter Settings for User Entity Instance: flipflop_synchronizer:ack_2ff_sync_inst
 13. Parameter Settings for User Entity Instance: flipflop_synchronizer:req_2ff_sync_inst
 14. Post-Synthesis Netlist Statistics for Top Partition
 15. Elapsed Time Per Partition
 16. Analysis & Synthesis Messages



----------------
; Legal Notice ;
----------------
Copyright (C) 2024  Intel Corporation. All rights reserved.
Your use of Intel Corporation's design tools, logic functions 
and other software and tools, and any partner logic 
functions, and any output files from any of the foregoing 
(including device programming or simulation files), and any 
associated documentation or information are expressly subject 
to the terms and conditions of the Intel Program License 
Subscription Agreement, the Intel Quartus Prime License Agreement,
the Intel FPGA IP License Agreement, or other applicable license
agreement, including, without limitation, that your use is for
the sole purpose of programming logic devices manufactured by
Intel and sold by Intel or its authorized distributors.  Please
refer to the applicable agreement for further details, at
https://fpgasoftware.intel.com/eula.



+------------------------------------------------------------------------------------+
; Analysis & Synthesis Summary                                                       ;
+-----------------------------------+------------------------------------------------+
; Analysis & Synthesis Status       ; Successful - Wed Nov 20 15:02:34 2024          ;
; Quartus Prime Version             ; 23.1std.1 Build 993 05/14/2024 SC Lite Edition ;
; Revision Name                     ; handshake_synchronizer                         ;
; Top-level Entity Name             ; handshake_synchronizer                         ;
; Family                            ; Arria II GX                                    ;
; Logic utilization                 ; N/A                                            ;
;     Combinational ALUTs           ; 36                                             ;
;     Memory ALUTs                  ; 0                                              ;
;     Dedicated logic registers     ; 75                                             ;
; Total registers                   ; 75                                             ;
; Total pins                        ; 70                                             ;
; Total virtual pins                ; 0                                              ;
; Total block memory bits           ; 0                                              ;
; DSP block 18-bit elements         ; 0                                              ;
; Total GXB Receiver Channel PCS    ; 0                                              ;
; Total GXB Receiver Channel PMA    ; 0                                              ;
; Total GXB Transmitter Channel PCS ; 0                                              ;
; Total GXB Transmitter Channel PMA ; 0                                              ;
; Total PLLs                        ; 0                                              ;
; Total DLLs                        ; 0                                              ;
+-----------------------------------+------------------------------------------------+


+-----------------------------------------------------------------------------------------------------------------------------------+
; Analysis & Synthesis Settings                                                                                                     ;
+---------------------------------------------------------------------------------+------------------------+------------------------+
; Option                                                                          ; Setting                ; Default Value          ;
+---------------------------------------------------------------------------------+------------------------+------------------------+
; Top-level entity name                                                           ; handshake_synchronizer ; handshake_synchronizer ;
; Family name                                                                     ; Arria II GX            ; Cyclone V              ;
; Type of Retiming Performed During Resynthesis                                   ; Full                   ;                        ;
; Resynthesis Optimization Effort                                                 ; Normal                 ;                        ;
; Physical Synthesis Level for Resynthesis                                        ; Normal                 ;                        ;
; Use Generated Physical Constraints File                                         ; On                     ;                        ;
; Use smart compilation                                                           ; Off                    ; Off                    ;
; Enable parallel Assembler and Timing Analyzer during compilation                ; On                     ; On                     ;
; Enable compact report table                                                     ; Off                    ; Off                    ;
; Restructure Multiplexers                                                        ; Auto                   ; Auto                   ;
; MLAB Add Timing Constraints For Mixed-Port Feed-Through Mode Setting Don't Care ; Off                    ; Off                    ;
; Create Debugging Nodes for IP Cores                                             ; Off                    ; Off                    ;
; Preserve fewer node names                                                       ; On                     ; On                     ;
; Intel FPGA IP Evaluation Mode                                                   ; Enable                 ; Enable                 ;
; Verilog Version                                                                 ; Verilog_2001           ; Verilog_2001           ;
; VHDL Version                                                                    ; VHDL_1993              ; VHDL_1993              ;
; State Machine Processing                                                        ; Auto                   ; Auto                   ;
; Safe State Machine                                                              ; Off                    ; Off                    ;
; Extract Verilog State Machines                                                  ; On                     ; On                     ;
; Extract VHDL State Machines                                                     ; On                     ; On                     ;
; Ignore Verilog initial constructs                                               ; Off                    ; Off                    ;
; Iteration limit for constant Verilog loops                                      ; 5000                   ; 5000                   ;
; Iteration limit for non-constant Verilog loops                                  ; 250                    ; 250                    ;
; Add Pass-Through Logic to Inferred RAMs                                         ; On                     ; On                     ;
; Infer RAMs from Raw Logic                                                       ; On                     ; On                     ;
; Parallel Synthesis                                                              ; On                     ; On                     ;
; DSP Block Balancing                                                             ; Auto                   ; Auto                   ;
; NOT Gate Push-Back                                                              ; On                     ; On                     ;
; Power-Up Don't Care                                                             ; On                     ; On                     ;
; Remove Redundant Logic Cells                                                    ; Off                    ; Off                    ;
; Remove Duplicate Registers                                                      ; On                     ; On                     ;
; Ignore CARRY Buffers                                                            ; Off                    ; Off                    ;
; Ignore CASCADE Buffers                                                          ; Off                    ; Off                    ;
; Ignore GLOBAL Buffers                                                           ; Off                    ; Off                    ;
; Ignore ROW GLOBAL Buffers                                                       ; Off                    ; Off                    ;
; Ignore LCELL Buffers                                                            ; Off                    ; Off                    ;
; Ignore SOFT Buffers                                                             ; On                     ; On                     ;
; Limit AHDL Integers to 32 Bits                                                  ; Off                    ; Off                    ;
; Optimization Technique                                                          ; Balanced               ; Balanced               ;
; Carry Chain Length                                                              ; 70                     ; 70                     ;
; Auto Carry Chains                                                               ; On                     ; On                     ;
; Auto Open-Drain Pins                                                            ; On                     ; On                     ;
; Perform WYSIWYG Primitive Resynthesis                                           ; Off                    ; Off                    ;
; Auto ROM Replacement                                                            ; On                     ; On                     ;
; Auto RAM Replacement                                                            ; On                     ; On                     ;
; Auto DSP Block Replacement                                                      ; On                     ; On                     ;
; Auto Shift Register Replacement                                                 ; Auto                   ; Auto                   ;
; Allow Shift Register Merging across Hierarchies                                 ; Auto                   ; Auto                   ;
; Auto Clock Enable Replacement                                                   ; On                     ; On                     ;
; Strict RAM Replacement                                                          ; Off                    ; Off                    ;
; Allow Synchronous Control Signals                                               ; On                     ; On                     ;
; Force Use of Synchronous Clear Signals                                          ; Off                    ; Off                    ;
; Auto RAM Block Balancing                                                        ; On                     ; On                     ;
; Auto RAM to Logic Cell Conversion                                               ; Off                    ; Off                    ;
; Auto Resource Sharing                                                           ; Off                    ; Off                    ;
; Allow Any RAM Size For Recognition                                              ; Off                    ; Off                    ;
; Allow Any ROM Size For Recognition                                              ; Off                    ; Off                    ;
; Allow Any Shift Register Size For Recognition                                   ; Off                    ; Off                    ;
; Use LogicLock Constraints during Resource Balancing                             ; On                     ; On                     ;
; Ignore translate_off and synthesis_off directives                               ; Off                    ; Off                    ;
; Timing-Driven Synthesis                                                         ; On                     ; On                     ;
; Report Parameter Settings                                                       ; On                     ; On                     ;
; Report Source Assignments                                                       ; On                     ; On                     ;
; Report Connectivity Checks                                                      ; On                     ; On                     ;
; Ignore Maximum Fan-Out Assignments                                              ; Off                    ; Off                    ;
; Synchronization Register Chain Length                                           ; 3                      ; 3                      ;
; Power Optimization During Synthesis                                             ; Normal compilation     ; Normal compilation     ;
; HDL message level                                                               ; Level2                 ; Level2                 ;
; Suppress Register Optimization Related Messages                                 ; Off                    ; Off                    ;
; Number of Removed Registers Reported in Synthesis Report                        ; 5000                   ; 5000                   ;
; Number of Swept Nodes Reported in Synthesis Report                              ; 5000                   ; 5000                   ;
; Number of Inverted Registers Reported in Synthesis Report                       ; 100                    ; 100                    ;
; Clock MUX Protection                                                            ; On                     ; On                     ;
; Auto Gated Clock Conversion                                                     ; Off                    ; Off                    ;
; Block Design Naming                                                             ; Auto                   ; Auto                   ;
; SDC constraint protection                                                       ; Off                    ; Off                    ;
; Synthesis Effort                                                                ; Auto                   ; Auto                   ;
; Shift Register Replacement - Allow Asynchronous Clear Signal                    ; On                     ; On                     ;
; Pre-Mapping Resynthesis Optimization                                            ; Off                    ; Off                    ;
; Analysis & Synthesis Message Level                                              ; Medium                 ; Medium                 ;
; Disable Register Merging Across Hierarchies                                     ; Auto                   ; Auto                   ;
; Resource Aware Inference For Block RAM                                          ; On                     ; On                     ;
+---------------------------------------------------------------------------------+------------------------+------------------------+


+------------------------------------------+
; Parallel Compilation                     ;
+----------------------------+-------------+
; Processors                 ; Number      ;
+----------------------------+-------------+
; Number detected on machine ; 16          ;
; Maximum allowed            ; 10          ;
;                            ;             ;
; Average used               ; 1.00        ;
; Maximum used               ; 10          ;
;                            ;             ;
; Usage by Processor         ; % Time Used ;
;     Processor 1            ; 100.0%      ;
;     Processors 2-10        ;   0.0%      ;
+----------------------------+-------------+


+---------------------------------------------------------------------------------------------------------------------------------------------------------------------------------------------+
; Analysis & Synthesis Source Files Read                                                                                                                                                      ;
+----------------------------------+-----------------+------------------------------+-----------------------------------------------------------------------------------------------+---------+
; File Name with User-Entered Path ; Used in Netlist ; File Type                    ; File Name with Absolute Path                                                                  ; Library ;
+----------------------------------+-----------------+------------------------------+-----------------------------------------------------------------------------------------------+---------+
; sender_fsm.sv                    ; yes             ; User SystemVerilog HDL File  ; C:/projects/systemverilog/ECE11/ProjectPart1/handshake_synchronizer/sender_fsm.sv             ;         ;
; receiver_fsm.sv                  ; yes             ; User SystemVerilog HDL File  ; C:/projects/systemverilog/ECE11/ProjectPart1/handshake_synchronizer/receiver_fsm.sv           ;         ;
; handshake_synchronizer.sv        ; yes             ; User SystemVerilog HDL File  ; C:/projects/systemverilog/ECE11/ProjectPart1/handshake_synchronizer/handshake_synchronizer.sv ;         ;
; flipflop_synchronizer.sv         ; yes             ; User SystemVerilog HDL File  ; C:/projects/systemverilog/ECE11/ProjectPart1/handshake_synchronizer/flipflop_synchronizer.sv  ;         ;
+----------------------------------+-----------------+------------------------------+-----------------------------------------------------------------------------------------------+---------+


+-----------------------------------------------------------------+
; Analysis & Synthesis Resource Usage Summary                     ;
+-----------------------------------------------+-----------------+
; Resource                                      ; Usage           ;
+-----------------------------------------------+-----------------+
; Estimated ALUTs Used                          ; 36              ;
;     -- Combinational ALUTs                    ; 36              ;
;     -- Memory ALUTs                           ; 0               ;
;     -- LUT_REGs                               ; 0               ;
; Dedicated logic registers                     ; 75              ;
;                                               ;                 ;
; Estimated ALUTs Unavailable                   ; 0               ;
;     -- Due to unpartnered combinational logic ; 0               ;
;     -- Due to Memory ALUTs                    ; 0               ;
;                                               ;                 ;
; Total combinational functions                 ; 36              ;
; Combinational ALUT usage by number of inputs  ;                 ;
;     -- 7 input functions                      ; 0               ;
;     -- 6 input functions                      ; 0               ;
;     -- 5 input functions                      ; 2               ;
;     -- 4 input functions                      ; 0               ;
;     -- <=3 input functions                    ; 34              ;
;                                               ;                 ;
; Combinational ALUTs by mode                   ;                 ;
;     -- normal mode                            ; 36              ;
;     -- extended LUT mode                      ; 0               ;
;     -- arithmetic mode                        ; 0               ;
;     -- shared arithmetic mode                 ; 0               ;
;                                               ;                 ;
; Estimated ALUT/register pairs used            ; 75              ;
;                                               ;                 ;
; Total registers                               ; 75              ;
;     -- Dedicated logic registers              ; 75              ;
;     -- I/O registers                          ; 0               ;
;     -- LUT_REGs                               ; 0               ;
;                                               ;                 ;
;                                               ;                 ;
; I/O pins                                      ; 70              ;
;                                               ;                 ;
; DSP block 18-bit elements                     ; 0               ;
;                                               ;                 ;
; Maximum fan-out node                          ; src_reset~input ;
; Maximum fan-out                               ; 42              ;
; Total fan-out                                 ; 470             ;
; Average fan-out                               ; 1.87            ;
+-----------------------------------------------+-----------------+


+-----------------------------------------------------------------------------------------------------------------------------------------------------------------------------------------------------------------------------------------------------------------------------------------------------------------+
; Analysis & Synthesis Resource Utilization by Entity                                                                                                                                                                                                                                                             ;
+----------------------------------------------+---------------------+---------------------------+-------------------+--------------+---------+-----------+-----------+-----------+------+--------------+-----------------------------------------------------------------+------------------------+--------------+
; Compilation Hierarchy Node                   ; Combinational ALUTs ; Dedicated Logic Registers ; Block Memory Bits ; DSP Elements ; DSP 9x9 ; DSP 12x12 ; DSP 18x18 ; DSP 36x36 ; Pins ; Virtual Pins ; Full Hierarchy Name                                             ; Entity Name            ; Library Name ;
+----------------------------------------------+---------------------+---------------------------+-------------------+--------------+---------+-----------+-----------+-----------+------+--------------+-----------------------------------------------------------------+------------------------+--------------+
; |handshake_synchronizer                      ; 36 (32)             ; 75 (64)                   ; 0                 ; 0            ; 0       ; 0         ; 0         ; 0         ; 70   ; 0            ; |handshake_synchronizer                                         ; handshake_synchronizer ; work         ;
;    |flipflop_synchronizer:ack_2ff_sync_inst| ; 0 (0)               ; 2 (2)                     ; 0                 ; 0            ; 0       ; 0         ; 0         ; 0         ; 0    ; 0            ; |handshake_synchronizer|flipflop_synchronizer:ack_2ff_sync_inst ; flipflop_synchronizer  ; work         ;
;    |flipflop_synchronizer:req_2ff_sync_inst| ; 0 (0)               ; 2 (2)                     ; 0                 ; 0            ; 0       ; 0         ; 0         ; 0         ; 0    ; 0            ; |handshake_synchronizer|flipflop_synchronizer:req_2ff_sync_inst ; flipflop_synchronizer  ; work         ;
;    |receiver_fsm:receiver_fsm_inst|          ; 0 (0)               ; 2 (2)                     ; 0                 ; 0            ; 0       ; 0         ; 0         ; 0         ; 0    ; 0            ; |handshake_synchronizer|receiver_fsm:receiver_fsm_inst          ; receiver_fsm           ; work         ;
;    |sender_fsm:sender_fsm_inst|              ; 4 (4)               ; 5 (5)                     ; 0                 ; 0            ; 0       ; 0         ; 0         ; 0         ; 0    ; 0            ; |handshake_synchronizer|sender_fsm:sender_fsm_inst              ; sender_fsm             ; work         ;
+----------------------------------------------+---------------------+---------------------------+-------------------+--------------+---------+-----------+-----------+-----------+------+--------------+-----------------------------------------------------------------+------------------------+--------------+
Note: For table entries with two numbers listed, the numbers in parentheses indicate the number of resources of the given type used by the specific entity alone. The numbers listed outside of parentheses indicate the total resources of the given type used by the specific entity and all of its sub-entities in the hierarchy.


Encoding Type:  One-Hot
+---------------------------------------------------------------------------------+
; State Machine - |handshake_synchronizer|sender_fsm:sender_fsm_inst|state        ;
+----------------------+------------+----------------------+----------------------+
; Name                 ; state.IDLE ; state.REQ_ACK_PHASE2 ; state.REQ_ACK_PHASE1 ;
+----------------------+------------+----------------------+----------------------+
; state.IDLE           ; 0          ; 0                    ; 0                    ;
; state.REQ_ACK_PHASE1 ; 1          ; 0                    ; 1                    ;
; state.REQ_ACK_PHASE2 ; 1          ; 1                    ; 0                    ;
+----------------------+------------+----------------------+----------------------+


+-----------------------------------------------------------------------------------------------------------------------+
; User-Specified and Inferred Latches                                                                                   ;
+-----------------------------------------------------+----------------------------------------+------------------------+
; Latch Name                                          ; Latch Enable Signal                    ; Free of Timing Hazards ;
+-----------------------------------------------------+----------------------------------------+------------------------+
; data[0]                                             ; sender_fsm:sender_fsm_inst|data_out_en ; yes                    ;
; data[1]                                             ; sender_fsm:sender_fsm_inst|data_out_en ; yes                    ;
; data[2]                                             ; sender_fsm:sender_fsm_inst|data_out_en ; yes                    ;
; data[3]                                             ; sender_fsm:sender_fsm_inst|data_out_en ; yes                    ;
; data[4]                                             ; sender_fsm:sender_fsm_inst|data_out_en ; yes                    ;
; data[5]                                             ; sender_fsm:sender_fsm_inst|data_out_en ; yes                    ;
; data[6]                                             ; sender_fsm:sender_fsm_inst|data_out_en ; yes                    ;
; data[7]                                             ; sender_fsm:sender_fsm_inst|data_out_en ; yes                    ;
; data[8]                                             ; sender_fsm:sender_fsm_inst|data_out_en ; yes                    ;
; data[9]                                             ; sender_fsm:sender_fsm_inst|data_out_en ; yes                    ;
; data[10]                                            ; sender_fsm:sender_fsm_inst|data_out_en ; yes                    ;
; data[11]                                            ; sender_fsm:sender_fsm_inst|data_out_en ; yes                    ;
; data[12]                                            ; sender_fsm:sender_fsm_inst|data_out_en ; yes                    ;
; data[13]                                            ; sender_fsm:sender_fsm_inst|data_out_en ; yes                    ;
; data[14]                                            ; sender_fsm:sender_fsm_inst|data_out_en ; yes                    ;
; data[15]                                            ; sender_fsm:sender_fsm_inst|data_out_en ; yes                    ;
; data[16]                                            ; sender_fsm:sender_fsm_inst|data_out_en ; yes                    ;
; data[17]                                            ; sender_fsm:sender_fsm_inst|data_out_en ; yes                    ;
; data[18]                                            ; sender_fsm:sender_fsm_inst|data_out_en ; yes                    ;
; data[19]                                            ; sender_fsm:sender_fsm_inst|data_out_en ; yes                    ;
; data[20]                                            ; sender_fsm:sender_fsm_inst|data_out_en ; yes                    ;
; data[21]                                            ; sender_fsm:sender_fsm_inst|data_out_en ; yes                    ;
; data[22]                                            ; sender_fsm:sender_fsm_inst|data_out_en ; yes                    ;
; data[23]                                            ; sender_fsm:sender_fsm_inst|data_out_en ; yes                    ;
; data[24]                                            ; sender_fsm:sender_fsm_inst|data_out_en ; yes                    ;
; data[25]                                            ; sender_fsm:sender_fsm_inst|data_out_en ; yes                    ;
; data[26]                                            ; sender_fsm:sender_fsm_inst|data_out_en ; yes                    ;
; data[27]                                            ; sender_fsm:sender_fsm_inst|data_out_en ; yes                    ;
; data[28]                                            ; sender_fsm:sender_fsm_inst|data_out_en ; yes                    ;
; data[29]                                            ; sender_fsm:sender_fsm_inst|data_out_en ; yes                    ;
; data[30]                                            ; sender_fsm:sender_fsm_inst|data_out_en ; yes                    ;
; data[31]                                            ; sender_fsm:sender_fsm_inst|data_out_en ; yes                    ;
; Number of user-specified and inferred latches = 32  ;                                        ;                        ;
+-----------------------------------------------------+----------------------------------------+------------------------+
Note: All latches listed above may not be present at the end of synthesis due to various synthesis optimizations.


+------------------------------------------------------------------------------------------------+
; Registers Removed During Synthesis                                                             ;
+-------------------------------------------+----------------------------------------------------+
; Register name                             ; Reason for Removal                                 ;
+-------------------------------------------+----------------------------------------------------+
; receiver_fsm:receiver_fsm_inst|data_in_en ; Merged with receiver_fsm:receiver_fsm_inst|ack_o   ;
; sender_fsm:sender_fsm_inst|req_o          ; Merged with sender_fsm:sender_fsm_inst|data_out_en ;
; Total Number of Removed Registers = 2     ;                                                    ;
+-------------------------------------------+----------------------------------------------------+


+------------------------------------------------------+
; General Register Statistics                          ;
+----------------------------------------------+-------+
; Statistic                                    ; Value ;
+----------------------------------------------+-------+
; Total registers                              ; 75    ;
; Number of registers using Synchronous Clear  ; 0     ;
; Number of registers using Synchronous Load   ; 0     ;
; Number of registers using Asynchronous Clear ; 75    ;
; Number of registers using Asynchronous Load  ; 0     ;
; Number of registers using Clock Enable       ; 32    ;
; Number of registers using Preset             ; 0     ;
+----------------------------------------------+-------+


+--------------------------------------------------------------------------------------+
; Parameter Settings for User Entity Instance: flipflop_synchronizer:ack_2ff_sync_inst ;
+----------------+-------+-------------------------------------------------------------+
; Parameter Name ; Value ; Type                                                        ;
+----------------+-------+-------------------------------------------------------------+
; WIDTH          ; 1     ; Signed Integer                                              ;
; NUM_OF_STAGES  ; 2     ; Signed Integer                                              ;
+----------------+-------+-------------------------------------------------------------+
Note: In order to hide this table in the UI and the text report file, please set the "Show Parameter Settings in Synthesis Report" option in "Analysis and Synthesis Settings -> More Settings" to "Off".


+--------------------------------------------------------------------------------------+
; Parameter Settings for User Entity Instance: flipflop_synchronizer:req_2ff_sync_inst ;
+----------------+-------+-------------------------------------------------------------+
; Parameter Name ; Value ; Type                                                        ;
+----------------+-------+-------------------------------------------------------------+
; WIDTH          ; 1     ; Signed Integer                                              ;
; NUM_OF_STAGES  ; 2     ; Signed Integer                                              ;
+----------------+-------+-------------------------------------------------------------+
Note: In order to hide this table in the UI and the text report file, please set the "Show Parameter Settings in Synthesis Report" option in "Analysis and Synthesis Settings -> More Settings" to "Off".


+-----------------------------------------------------+
; Post-Synthesis Netlist Statistics for Top Partition ;
+-----------------------+-----------------------------+
; Type                  ; Count                       ;
+-----------------------+-----------------------------+
; arriaii_ff            ; 75                          ;
;     CLR               ; 43                          ;
;     ENA CLR           ; 32                          ;
; boundary_port         ; 70                          ;
; stratixiv_lcell_comb  ; 36                          ;
;     normal            ; 36                          ;
;         1 data inputs ; 1                           ;
;         3 data inputs ; 33                          ;
;         5 data inputs ; 2                           ;
;                       ;                             ;
; Max LUT depth         ; 1.00                        ;
; Average LUT depth     ; 0.59                        ;
+-----------------------+-----------------------------+


+-------------------------------+
; Elapsed Time Per Partition    ;
+----------------+--------------+
; Partition Name ; Elapsed Time ;
+----------------+--------------+
; Top            ; 00:00:00     ;
+----------------+--------------+


+-------------------------------+
; Analysis & Synthesis Messages ;
+-------------------------------+
Info: *******************************************************************
Info: Running Quartus Prime Analysis & Synthesis
    Info: Version 23.1std.1 Build 993 05/14/2024 SC Lite Edition
    Info: Processing started: Wed Nov 20 15:02:29 2024
Info: Command: quartus_map --read_settings_files=on --write_settings_files=off handshake_synchronizer -c handshake_synchronizer
Warning (18236): Number of processors has not been specified which may cause overloading on shared machines.  Set the global assignment NUM_PARALLEL_PROCESSORS in your QSF to an appropriate value for best performance.
Info (20030): Parallel compilation is enabled and will use 10 of the 10 processors detected
Info (12021): Found 1 design units, including 1 entities, in source file sender_fsm.sv
    Info (12023): Found entity 1: sender_fsm File: C:/projects/systemverilog/ECE11/ProjectPart1/handshake_synchronizer/sender_fsm.sv Line: 2
Info (12021): Found 1 design units, including 1 entities, in source file receiver_fsm.sv
    Info (12023): Found entity 1: receiver_fsm File: C:/projects/systemverilog/ECE11/ProjectPart1/handshake_synchronizer/receiver_fsm.sv Line: 2
Info (12021): Found 1 design units, including 1 entities, in source file handshake_synchronizer.sv
    Info (12023): Found entity 1: handshake_synchronizer File: C:/projects/systemverilog/ECE11/ProjectPart1/handshake_synchronizer/handshake_synchronizer.sv Line: 1
Info (12021): Found 1 design units, including 1 entities, in source file flipflop_synchronizer.sv
    Info (12023): Found entity 1: flipflop_synchronizer File: C:/projects/systemverilog/ECE11/ProjectPart1/handshake_synchronizer/flipflop_synchronizer.sv Line: 1
Info (12127): Elaborating entity "handshake_synchronizer" for the top level hierarchy
Info (10041): Inferred latch for "data[0]" at handshake_synchronizer.sv(27) File: C:/projects/systemverilog/ECE11/ProjectPart1/handshake_synchronizer/handshake_synchronizer.sv Line: 27
Info (10041): Inferred latch for "data[1]" at handshake_synchronizer.sv(27) File: C:/projects/systemverilog/ECE11/ProjectPart1/handshake_synchronizer/handshake_synchronizer.sv Line: 27
Info (10041): Inferred latch for "data[2]" at handshake_synchronizer.sv(27) File: C:/projects/systemverilog/ECE11/ProjectPart1/handshake_synchronizer/handshake_synchronizer.sv Line: 27
Info (10041): Inferred latch for "data[3]" at handshake_synchronizer.sv(27) File: C:/projects/systemverilog/ECE11/ProjectPart1/handshake_synchronizer/handshake_synchronizer.sv Line: 27
Info (10041): Inferred latch for "data[4]" at handshake_synchronizer.sv(27) File: C:/projects/systemverilog/ECE11/ProjectPart1/handshake_synchronizer/handshake_synchronizer.sv Line: 27
Info (10041): Inferred latch for "data[5]" at handshake_synchronizer.sv(27) File: C:/projects/systemverilog/ECE11/ProjectPart1/handshake_synchronizer/handshake_synchronizer.sv Line: 27
Info (10041): Inferred latch for "data[6]" at handshake_synchronizer.sv(27) File: C:/projects/systemverilog/ECE11/ProjectPart1/handshake_synchronizer/handshake_synchronizer.sv Line: 27
Info (10041): Inferred latch for "data[7]" at handshake_synchronizer.sv(27) File: C:/projects/systemverilog/ECE11/ProjectPart1/handshake_synchronizer/handshake_synchronizer.sv Line: 27
Info (10041): Inferred latch for "data[8]" at handshake_synchronizer.sv(27) File: C:/projects/systemverilog/ECE11/ProjectPart1/handshake_synchronizer/handshake_synchronizer.sv Line: 27
Info (10041): Inferred latch for "data[9]" at handshake_synchronizer.sv(27) File: C:/projects/systemverilog/ECE11/ProjectPart1/handshake_synchronizer/handshake_synchronizer.sv Line: 27
Info (10041): Inferred latch for "data[10]" at handshake_synchronizer.sv(27) File: C:/projects/systemverilog/ECE11/ProjectPart1/handshake_synchronizer/handshake_synchronizer.sv Line: 27
Info (10041): Inferred latch for "data[11]" at handshake_synchronizer.sv(27) File: C:/projects/systemverilog/ECE11/ProjectPart1/handshake_synchronizer/handshake_synchronizer.sv Line: 27
Info (10041): Inferred latch for "data[12]" at handshake_synchronizer.sv(27) File: C:/projects/systemverilog/ECE11/ProjectPart1/handshake_synchronizer/handshake_synchronizer.sv Line: 27
Info (10041): Inferred latch for "data[13]" at handshake_synchronizer.sv(27) File: C:/projects/systemverilog/ECE11/ProjectPart1/handshake_synchronizer/handshake_synchronizer.sv Line: 27
Info (10041): Inferred latch for "data[14]" at handshake_synchronizer.sv(27) File: C:/projects/systemverilog/ECE11/ProjectPart1/handshake_synchronizer/handshake_synchronizer.sv Line: 27
Info (10041): Inferred latch for "data[15]" at handshake_synchronizer.sv(27) File: C:/projects/systemverilog/ECE11/ProjectPart1/handshake_synchronizer/handshake_synchronizer.sv Line: 27
Info (10041): Inferred latch for "data[16]" at handshake_synchronizer.sv(27) File: C:/projects/systemverilog/ECE11/ProjectPart1/handshake_synchronizer/handshake_synchronizer.sv Line: 27
Info (10041): Inferred latch for "data[17]" at handshake_synchronizer.sv(27) File: C:/projects/systemverilog/ECE11/ProjectPart1/handshake_synchronizer/handshake_synchronizer.sv Line: 27
Info (10041): Inferred latch for "data[18]" at handshake_synchronizer.sv(27) File: C:/projects/systemverilog/ECE11/ProjectPart1/handshake_synchronizer/handshake_synchronizer.sv Line: 27
Info (10041): Inferred latch for "data[19]" at handshake_synchronizer.sv(27) File: C:/projects/systemverilog/ECE11/ProjectPart1/handshake_synchronizer/handshake_synchronizer.sv Line: 27
Info (10041): Inferred latch for "data[20]" at handshake_synchronizer.sv(27) File: C:/projects/systemverilog/ECE11/ProjectPart1/handshake_synchronizer/handshake_synchronizer.sv Line: 27
Info (10041): Inferred latch for "data[21]" at handshake_synchronizer.sv(27) File: C:/projects/systemverilog/ECE11/ProjectPart1/handshake_synchronizer/handshake_synchronizer.sv Line: 27
Info (10041): Inferred latch for "data[22]" at handshake_synchronizer.sv(27) File: C:/projects/systemverilog/ECE11/ProjectPart1/handshake_synchronizer/handshake_synchronizer.sv Line: 27
Info (10041): Inferred latch for "data[23]" at handshake_synchronizer.sv(27) File: C:/projects/systemverilog/ECE11/ProjectPart1/handshake_synchronizer/handshake_synchronizer.sv Line: 27
Info (10041): Inferred latch for "data[24]" at handshake_synchronizer.sv(27) File: C:/projects/systemverilog/ECE11/ProjectPart1/handshake_synchronizer/handshake_synchronizer.sv Line: 27
Info (10041): Inferred latch for "data[25]" at handshake_synchronizer.sv(27) File: C:/projects/systemverilog/ECE11/ProjectPart1/handshake_synchronizer/handshake_synchronizer.sv Line: 27
Info (10041): Inferred latch for "data[26]" at handshake_synchronizer.sv(27) File: C:/projects/systemverilog/ECE11/ProjectPart1/handshake_synchronizer/handshake_synchronizer.sv Line: 27
Info (10041): Inferred latch for "data[27]" at handshake_synchronizer.sv(27) File: C:/projects/systemverilog/ECE11/ProjectPart1/handshake_synchronizer/handshake_synchronizer.sv Line: 27
Info (10041): Inferred latch for "data[28]" at handshake_synchronizer.sv(27) File: C:/projects/systemverilog/ECE11/ProjectPart1/handshake_synchronizer/handshake_synchronizer.sv Line: 27
Info (10041): Inferred latch for "data[29]" at handshake_synchronizer.sv(27) File: C:/projects/systemverilog/ECE11/ProjectPart1/handshake_synchronizer/handshake_synchronizer.sv Line: 27
Info (10041): Inferred latch for "data[30]" at handshake_synchronizer.sv(27) File: C:/projects/systemverilog/ECE11/ProjectPart1/handshake_synchronizer/handshake_synchronizer.sv Line: 27
Info (10041): Inferred latch for "data[31]" at handshake_synchronizer.sv(27) File: C:/projects/systemverilog/ECE11/ProjectPart1/handshake_synchronizer/handshake_synchronizer.sv Line: 27
Info (12128): Elaborating entity "sender_fsm" for hierarchy "sender_fsm:sender_fsm_inst" File: C:/projects/systemverilog/ECE11/ProjectPart1/handshake_synchronizer/handshake_synchronizer.sv Line: 49
Info (12128): Elaborating entity "receiver_fsm" for hierarchy "receiver_fsm:receiver_fsm_inst" File: C:/projects/systemverilog/ECE11/ProjectPart1/handshake_synchronizer/handshake_synchronizer.sv Line: 60
Info (12128): Elaborating entity "flipflop_synchronizer" for hierarchy "flipflop_synchronizer:ack_2ff_sync_inst" File: C:/projects/systemverilog/ECE11/ProjectPart1/handshake_synchronizer/handshake_synchronizer.sv Line: 70
Warning (10230): Verilog HDL assignment warning at flipflop_synchronizer.sv(23): truncated value with size 32 to match size of target (1) File: C:/projects/systemverilog/ECE11/ProjectPart1/handshake_synchronizer/flipflop_synchronizer.sv Line: 23
Info (286030): Timing-Driven Synthesis is running
Info (16010): Generating hard_block partition "hard_block:auto_generated_inst"
    Info (16011): Adding 0 node(s), including 0 DDIO, 0 PLL, 0 transceiver and 0 LCELL
Info (21057): Implemented 177 device resources after synthesis - the final resource count might be different
    Info (21058): Implemented 37 input pins
    Info (21059): Implemented 33 output pins
    Info (21061): Implemented 107 logic cells
Info: Quartus Prime Analysis & Synthesis was successful. 0 errors, 2 warnings
    Info: Peak virtual memory: 4861 megabytes
    Info: Processing ended: Wed Nov 20 15:02:34 2024
    Info: Elapsed time: 00:00:05
    Info: Total CPU time (on all processors): 00:00:05


